Arguments: 
  C:\Program Files\nodejs\node.exe C:\Users\antonis.agiannidis\AppData\Roaming\npm\node_modules\yarn\bin\yarn.js run dev

PATH: 
  C:\Program Files\Python38\Scripts\;C:\Program Files\Python38\;C:\Windows\system32;C:\Windows;C:\Windows\System32\Wbem;C:\Windows\System32\WindowsPowerShell\v1.0\;C:\Windows\System32\OpenSSH\;C:\Program Files\dotnet\;C:\Program Files\NVIDIA Corporation\NVIDIA NvDLISR;C:\Program Files\Git\cmd;C:\Program Files (x86)\NVIDIA Corporation\PhysX\Common;C:\Users\antonis.agiannidis\AppData\Roaming\nvm;C:\Program Files\nodejs;C:\Program Files\Go\bin;C:\Program Files\Docker\Docker\resources\bin;C:\Users\antonis.agiannidis\AppData\Local\Programs\Python\Python310\Scripts\;C:\Users\antonis.agiannidis\AppData\Local\Programs\Python\Python310\;C:\Users\antonis.agiannidis\AppData\Local\Microsoft\WindowsApps;C:\Program Files\JetBrains\WebStorm 2022.3.2\bin;;C:\Users\antonis.agiannidis\AppData\Roaming\npm;C:\Users\antonis.agiannidis\AppData\Roaming\nvm;C:\Program Files\nodejs;C:\Users\antonis.agiannidis\AppData\Local\Programs\Microsoft VS Code\bin;C:\Users\antonis.agiannidis\go\bin;C:\Users\antonis.agiannidis\AppData\Local\.bvm;C:\Program Files\JetBrains\PyCharm Edu 2022.2.2\bin;

Yarn version: 
  1.22.19

Node version: 
  20.14.0

Platform: 
  win32 x64

Trace: 
  SyntaxError: C:\Users\antonis.agiannidis\WebstormProjects\rnd\nefeli\package.json: Expected double-quoted property name in JSON at position 385
      at JSON.parse (<anonymous>)
      at C:\Users\antonis.agiannidis\AppData\Roaming\npm\node_modules\yarn\lib\cli.js:1629:59
      at Generator.next (<anonymous>)
      at step (C:\Users\antonis.agiannidis\AppData\Roaming\npm\node_modules\yarn\lib\cli.js:310:30)
      at C:\Users\antonis.agiannidis\AppData\Roaming\npm\node_modules\yarn\lib\cli.js:321:13

npm manifest: 
  {
    "name": "nefeli",
    "private": true,
    "version": "1.0.0",
    "type": "module",
    "scripts": {
      "dev": "vite --host",
      "build": "tsc && vite build",
      "lint": "eslint ./src --max-warnings=0",
      "format": "prettier --write \"src/**/*.{ts,tsx,json,js,jsx}\"",
      "format_check": "prettier --check \"src/**/*.{ts,tsx,json,js,jsx}\"",
      "preview": "vite preview --host",
    },
    "dependencies": {
      "@types/node": "^20.3.2",
      "axios": "^1.4.0",
      "react": "^18.2.0",
      "react-dom": "^18.2.0",
      "react-error-boundary": "^4.0.13",
      "styled-components": "^6.1.11",
      "typescript": "5.0.4",
      "vite": "^5.2.13"
    },
    "devDependencies": {
      "@types/react": "^18.0.37",
      "@types/react-dom": "^18.0.11",
      "@typescript-eslint/eslint-plugin": "^5.60.0",
      "@typescript-eslint/parser": "^5.60.0",
      "@vitejs/plugin-react": "^4.0.0",
      "eslint": "^8.2.0",
      "eslint-config-prettier": "^8.8.0",
      "eslint-import-resolver-typescript": "^3.5.5",
      "eslint-plugin-import": "^2.27.5",
      "eslint-plugin-jsx-a11y": "^6.7.1",
      "eslint-plugin-react": "^7.32.2",
      "eslint-plugin-react-hooks": "^4.6.0",
      "eslint-plugin-react-refresh": "^0.3.4",
      "prettier": "^2.8.8"
    },
    "pre-commit": [
      "format_check",
      "lint"
    ],
    "resolutions": {
      "styled-components": "^6"
    }
  }

yarn manifest: 
  No manifest

Lockfile: 
  No lockfile
